<?xml version="1.0" encoding="UTF-8" ?>
<testsuite failures="0" time="1.852" errors="0" skipped="0" tests="9" name="com.generalidevelopment.hit2013.ItemIntegrationTest">
  <properties>
    <property name="java.runtime.name" value="Java(TM) SE Runtime Environment"/>
    <property name="sun.boot.library.path" value="C:\java\jdk7\jre\bin"/>
    <property name="java.vm.version" value="23.3-b01"/>
    <property name="java.vm.vendor" value="Oracle Corporation"/>
    <property name="java.vendor.url" value="http://java.oracle.com/"/>
    <property name="path.separator" value=";"/>
    <property name="guice.disable.misplaced.annotation.check" value="true"/>
    <property name="java.vm.name" value="Java HotSpot(TM) 64-Bit Server VM"/>
    <property name="file.encoding.pkg" value="sun.io"/>
    <property name="user.script" value=""/>
    <property name="user.country" value="CZ"/>
    <property name="sun.java.launcher" value="SUN_STANDARD"/>
    <property name="sun.os.patch.level" value="Service Pack 1"/>
    <property name="java.vm.specification.name" value="Java Virtual Machine Specification"/>
    <property name="user.dir" value="D:\8puss\work\work_workspace\hit2013"/>
    <property name="java.runtime.version" value="1.7.0_07-b11"/>
    <property name="java.awt.graphicsenv" value="sun.awt.Win32GraphicsEnvironment"/>
    <property name="java.endorsed.dirs" value="C:\java\jdk7\jre\lib\endorsed"/>
    <property name="os.arch" value="amd64"/>
    <property name="java.io.tmpdir" value="C:\Users\t911552\AppData\Local\Temp\"/>
    <property name="line.separator" value="
"/>
    <property name="java.vm.specification.vendor" value="Oracle Corporation"/>
    <property name="user.variant" value=""/>
    <property name="os.name" value="Windows 7"/>
    <property name="classworlds.conf" value="C:\sts\apache-maven-3.0.4\bin\..\bin\m2.conf"/>
    <property name="sun.jnu.encoding" value="Cp1250"/>
    <property name="java.library.path" value="C:\java\jdk7\bin;C:\Windows\Sun\Java\bin;C:\Windows\system32;C:\Windows;C:\WinAVR\bin;C:\WinAVR\utils\bin;C:\Windows\system32;C:\Windows;C:\Windows\System32\Wbem;C:\Windows\System32\WindowsPowerShell\v1.0\;C:\Program Files\ThinkPad\Bluetooth Software\;C:\Program Files\ThinkPad\Bluetooth Software\syswow64;C:\Program Files\Common Files\Lenovo;C:\Program Files (x86)\Intel\OpenCL SDK\2.0\bin\x86;C:\Program Files (x86)\Intel\OpenCL SDK\2.0\bin\x64;C:\Program Files\TortoiseSVN\bin;C:\Program Files\TortoiseGit\bin;C:\Program Files (x86)\Git\cmd;C:\Program Files (x86)\Common Files\Adobe\AGL;C:\sts\apache-maven-3.0.4\bin;C:\java\jdk7\bin;C:\Program Files\nodejs\;D:\8puss\xampp\php\;C:\Users\t911552\AppData\Roaming\npm\;."/>
    <property name="java.specification.name" value="Java Platform API Specification"/>
    <property name="java.class.version" value="51.0"/>
    <property name="sun.management.compiler" value="HotSpot 64-Bit Tiered Compilers"/>
    <property name="os.version" value="6.1"/>
    <property name="user.home" value="C:\Users\t911552"/>
    <property name="user.timezone" value="Europe/Prague"/>
    <property name="java.awt.printerjob" value="sun.awt.windows.WPrinterJob"/>
    <property name="java.specification.version" value="1.7"/>
    <property name="file.encoding" value="Cp1250"/>
    <property name="user.name" value="T911552"/>
    <property name="java.class.path" value="C:\sts\apache-maven-3.0.4\bin\..\boot\plexus-classworlds-2.4.jar"/>
    <property name="java.vm.specification.version" value="1.7"/>
    <property name="sun.arch.data.model" value="64"/>
    <property name="java.home" value="C:\java\jdk7\jre"/>
    <property name="sun.java.command" value="org.codehaus.plexus.classworlds.launcher.Launcher test"/>
    <property name="java.specification.vendor" value="Oracle Corporation"/>
    <property name="user.language" value="cs"/>
    <property name="awt.toolkit" value="sun.awt.windows.WToolkit"/>
    <property name="java.vm.info" value="mixed mode"/>
    <property name="java.version" value="1.7.0_07"/>
    <property name="java.ext.dirs" value="C:\java\jdk7\jre\lib\ext;C:\Windows\Sun\Java\lib\ext"/>
    <property name="sun.boot.class.path" value="C:\java\jdk7\jre\lib\resources.jar;C:\java\jdk7\jre\lib\rt.jar;C:\java\jdk7\jre\lib\sunrsasign.jar;C:\java\jdk7\jre\lib\jsse.jar;C:\java\jdk7\jre\lib\jce.jar;C:\java\jdk7\jre\lib\charsets.jar;C:\java\jdk7\jre\lib\jfr.jar;C:\java\jdk7\jre\classes"/>
    <property name="java.vendor" value="Oracle Corporation"/>
    <property name="maven.home" value="C:\sts\apache-maven-3.0.4\bin\.."/>
    <property name="file.separator" value="\"/>
    <property name="java.vendor.url.bug" value="http://bugreport.sun.com/bugreport/"/>
    <property name="sun.cpu.endian" value="little"/>
    <property name="sun.io.unicode.encoding" value="UnicodeLittle"/>
    <property name="sun.desktop" value="windows"/>
    <property name="sun.cpu.isalist" value="amd64"/>
  </properties>
  <testcase time="1.562" classname="com.generalidevelopment.hit2013.ItemIntegrationTest" name="testMarkerMethod"/>
  <testcase time="0.178" classname="com.generalidevelopment.hit2013.ItemIntegrationTest" name="testCountItems"/>
  <testcase time="0.018" classname="com.generalidevelopment.hit2013.ItemIntegrationTest" name="testFindAllItems"/>
  <testcase time="0.016" classname="com.generalidevelopment.hit2013.ItemIntegrationTest" name="testFindItemEntries"/>
  <testcase time="0.016" classname="com.generalidevelopment.hit2013.ItemIntegrationTest" name="testMergeUpdate"/>
  <testcase time="0.014" classname="com.generalidevelopment.hit2013.ItemIntegrationTest" name="testFindItem"/>
  <testcase time="0.015" classname="com.generalidevelopment.hit2013.ItemIntegrationTest" name="testPersist"/>
  <testcase time="0.014" classname="com.generalidevelopment.hit2013.ItemIntegrationTest" name="testFlush"/>
  <testcase time="0.019" classname="com.generalidevelopment.hit2013.ItemIntegrationTest" name="testRemove"/>
</testsuite>